<?xml version="1.0" encoding="UTF-8"?>
<Site BuildName="Linux-x86_64-linux-gnu-g++-7"
	BuildStamp="20220217-0313-Experimental"
	Name="ww"
	Generator="ctest-3.22.1"
	CompilerName="/usr/bin/x86_64-linux-gnu-g++-7"
	CompilerVersion="7.5.0"
	OSName="Linux"
	Hostname="ww"
	OSRelease="5.4.0-99-generic"
	OSVersion="#112~18.04.1-Ubuntu SMP Thu Feb 3 14:09:57 UTC 2022"
	OSPlatform="x86_64"
	Is64Bits="1"
	VendorString="AuthenticAMD"
	VendorID="Advanced Micro Devices"
	FamilyID="23"
	ModelID="96"
	ProcessorCacheSize="512"
	NumberOfLogicalCPU="16"
	NumberOfPhysicalCPU="8"
	TotalVirtualMemory="1897"
	TotalPhysicalMemory="15428"
	LogicalProcessorsPerPhysical="2"
	ProcessorClockFrequency="1322.03"
	>
	<Testing>
		<StartDateTime>Feb 17 11:13 CST</StartDateTime>
		<StartTestTime>1645067631</StartTestTime>
		<TestList/>
		<EndDateTime>Feb 17 11:13 CST</EndDateTime>
		<EndTestTime>1645067631</EndTestTime>
		<ElapsedMinutes>0</ElapsedMinutes>
	</Testing>
</Site>
